"Start of log file."
"C:/Users/shumbk/Desktop/GitHub/SIMCLI~1/Assets/Objects/Model/3DS/scenes/RECEPT~1.MAX"
"Starting max loading and fbx conversion"
window = undefined
"Settings units"
"Before fbx export"
"After fbx export"
"Finished max loading and fbx conversion"
"C:/Users/shumbk/Desktop/GitHub/SIMCLI~1/Assets/Objects/Model/3DS/Template.max"
"Starting max loading and fbx conversion"
window = undefined
"Settings units"
"Before fbx export"
"After fbx export"
"Finished max loading and fbx conversion"
"C:/Users/shumbk/Desktop/GitHub/SIMCLI~1/Assets/Objects/Model/3DS/drawers1.max"
"Starting max loading and fbx conversion"
window = undefined
"Settings units"
"Before fbx export"
"After fbx export"
"Finished max loading and fbx conversion"
"C:/Users/shumbk/Desktop/GitHub/SIMCLI~1/Assets/Objects/Model/3DS/ARTIST~1.MAX"
"Starting max loading and fbx conversion"
window = undefined
"Settings units"
"Before fbx export"
"After fbx export"
"Finished max loading and fbx conversion"
"C:/Users/shumbk/Desktop/GitHub/SIMCLI~1/Assets/Objects/Model/3DS/TABLES~1.MAX"
"Starting max loading and fbx conversion"
window = undefined
"Settings units"
"Before fbx export"
"After fbx export"
"Finished max loading and fbx conversion"
"C:/Users/shumbk/Desktop/GitHub/SIMCLI~1/Assets/Objects/Model/3DS/FILING~1.MAX"
"Starting max loading and fbx conversion"
window = undefined
"Settings units"
"Before fbx export"
"After fbx export"
"Finished max loading and fbx conversion"
"C:/Users/shumbk/Desktop/GitHub/SIMCLI~1/Assets/Objects/Model/3DS/FIREAL~1.MAX"
"Starting max loading and fbx conversion"
window = undefined
"Settings units"
"Before fbx export"
"After fbx export"
"Finished max loading and fbx conversion"
"C:/Users/shumbk/Desktop/GitHub/SIMCLI~1/Assets/Objects/Model/3DS/TREADM~1.MAX"
"Starting max loading and fbx conversion"
window = undefined
"Settings units"
"Before fbx export"
"After fbx export"
"Finished max loading and fbx conversion"
"C:/Users/shumbk/Desktop/GitHub/SIMCLI~1/Assets/Objects/Model/3DS/shelves.max"
"Starting max loading and fbx conversion"
window = undefined
"Settings units"
"Before fbx export"
"After fbx export"
"Finished max loading and fbx conversion"
"C:/Users/shumbk/Desktop/GitHub/SIMCLI~1/Assets/Objects/Model/3DS/pencil.max"
"Starting max loading and fbx conversion"
window = undefined
"Settings units"
"Before fbx export"
"After fbx export"
"Finished max loading and fbx conversion"
"C:/Users/shumbk/Desktop/GitHub/SIMCLI~1/Assets/Objects/Model/3DS/ROUNDG~1.MAX"
"Starting max loading and fbx conversion"
window = undefined
"Settings units"
"Before fbx export"
"After fbx export"
"Finished max loading and fbx conversion"
"C:/Users/shumbk/Desktop/GitHub/SIMCLI~1/Assets/Objects/Model/3DS/autoback/AUTOBA~1.MAX"
"Starting max loading and fbx conversion"
window = undefined
"Settings units"
"Before fbx export"
"After fbx export"
"Finished max loading and fbx conversion"
"C:/Users/shumbk/Desktop/GitHub/SIMCLI~1/Assets/Objects/Model/3DS/autoback/AUTOBA~2.MAX"
"Starting max loading and fbx conversion"
window = undefined
"Settings units"
"Before fbx export"
"After fbx export"
"Finished max loading and fbx conversion"
"C:/Users/shumbk/Desktop/GitHub/SIMCLI~1/Assets/Objects/Model/3DS/autoback/AUTOBA~3.MAX"
"Starting max loading and fbx conversion"
window = undefined
"Settings units"
"Before fbx export"
"After fbx export"
"Finished max loading and fbx conversion"
"C:/Users/shumbk/Desktop/GitHub/SIMCLI~1/Assets/Objects/Model/3DS/laptop.max"
"Starting max loading and fbx conversion"
window = undefined
"Settings units"
"Before fbx export"
"After fbx export"
"Finished max loading and fbx conversion"
"C:/Users/shumbk/Desktop/GitHub/SIMCLI~1/Assets/Objects/Model/3DS/TV.max"
"Starting max loading and fbx conversion"
window = undefined
"Settings units"
"Before fbx export"
"After fbx export"
"Finished max loading and fbx conversion"
"C:/Users/shumbk/Desktop/GitHub/SIMCLI~1/Assets/Objects/Model/3DS/stool1.max"
"Starting max loading and fbx conversion"
window = undefined
"Settings units"
"Before fbx export"
"After fbx export"
"Finished max loading and fbx conversion"
"C:/Users/shumbk/Desktop/GitHub/SIMCLI~1/Assets/Objects/Model/3DS/LOUNGE~1.MAX"
"Starting max loading and fbx conversion"
window = undefined
"Settings units"
"Before fbx export"
"After fbx export"
"Finished max loading and fbx conversion"
"C:/Users/shumbk/Desktop/GitHub/SIMCLI~1/Assets/Objects/Model/3DS/TENSUN~1.MAX"
"Starting max loading and fbx conversion"
window = undefined
"Settings units"
"Before fbx export"
"After fbx export"
"Finished max loading and fbx conversion"
"C:/Users/shumbk/Desktop/GitHub/SIMCLI~1/Assets/Objects/Model/3DS/TensUnit.max"
"Starting max loading and fbx conversion"
window = undefined
"Settings units"
"Before fbx export"
"After fbx export"
"Finished max loading and fbx conversion"
"C:/Users/shumbk/Desktop/GitHub/SIMCLI~1/Assets/Objects/Model/3DS/ULLTRA~1.MAX"
"Starting max loading and fbx conversion"
window = undefined
"Settings units"
"Before fbx export"
"After fbx export"
"Finished max loading and fbx conversion"
"C:/Users/shumbk/Desktop/GitHub/SIMCLI~1/Assets/Objects/Model/3DS/Table1.max"
"Starting max loading and fbx conversion"
window = undefined
"Settings units"
"Before fbx export"
"After fbx export"
"Finished max loading and fbx conversion"
"C:/Users/shumbk/Desktop/GitHub/SIMCLI~1/Assets/Objects/Model/3DS/Desk1.max"
"Starting max loading and fbx conversion"
window = undefined
"Settings units"
"Before fbx export"
"After fbx export"
"Finished max loading and fbx conversion"
"C:/Users/shumbk/Desktop/GitHub/SIMCLI~1/Assets/Objects/Model/3DS/desk2.max"
"Starting max loading and fbx conversion"
window = undefined
"Settings units"
"Before fbx export"
"After fbx export"
"Finished max loading and fbx conversion"
"C:/Users/shumbk/Desktop/GitHub/SIMCLI~1/Assets/Objects/Model/3DS/desk3.max"
"Starting max loading and fbx conversion"
window = undefined
"Settings units"
"Before fbx export"
"After fbx export"
"Finished max loading and fbx conversion"
"C:/Users/shumbk/Desktop/GitHub/SIMCLI~1/Assets/Objects/Model/3DS/LAPTOP~1.MAX"
"Starting max loading and fbx conversion"
window = undefined
"Settings units"
"Before fbx export"
"After fbx export"
"Finished max loading and fbx conversion"
"C:/Users/shumbk/Desktop/GitHub/SIMCLI~1/Assets/Objects/Model/3DS/medkit.max"
"Starting max loading and fbx conversion"
window = undefined
"Settings units"
"Before fbx export"
"After fbx export"
"Finished max loading and fbx conversion"
"C:/Users/shumbk/Desktop/GitHub/SIMCLI~1/Assets/Objects/Model/3DS/Gaitrite.max"
"Starting max loading and fbx conversion"
window = undefined
"Settings units"
"Before fbx export"
"After fbx export"
"Finished max loading and fbx conversion"
